<?xml version="1.0" encoding="utf-8"?><testsuites name="pytest tests"><testsuite name="pytest" errors="0" failures="0" skipped="0" tests="40" time="12.289" timestamp="2026-08-04T21:31:58.344618+00:00" hostname="agent-env-23ff6618-f356-482c-823d-e8cbcb97474d"><testcase classname="tests.test_ride91_backend.TestAuth" name="test_otp_request_any_phone" time="0.450" /><testcase classname="tests.test_ride91_backend.TestAA_InspectionGateBeforeSubmit" name="test_today_shows_not_completed" time="0.506" /><testcase classname="tests.test_ride91_backend.TestAuth" name="test_otp_request_demo_phone_returns_universal_code" time="0.062" /><testcase classname="tests.test_ride91_backend.TestAA_InspectionGateBeforeSubmit" name="test_going_on_platform_without_inspection_is_409[ride91]" time="0.086" /><testcase classname="tests.test_ride91_backend.TestAuth" name="test_verify_universal_otp_returns_token_and_driver" time="0.079" /><testcase classname="tests.test_ride91_backend.TestAuth" name="test_verify_idempotent_same_client_action_id" time="0.164" /><testcase classname="tests.test_ride91_backend.TestAA_InspectionGateBeforeSubmit" name="test_going_on_platform_without_inspection_is_409[uber]" time="0.120" /><testcase classname="tests.test_ride91_backend.TestAA_InspectionGateBeforeSubmit" name="test_going_on_platform_without_inspection_is_409[rapido]" time="0.076" /><testcase classname="tests.test_ride91_backend.TestAuth" name="test_verify_bad_otp_400" time="0.105" /><testcase classname="tests.test_ride91_backend.TestAA_InspectionGateBeforeSubmit" name="test_going_on_platform_without_inspection_is_409[ola]" time="0.101" /><testcase classname="tests.test_ride91_backend.TestAuth" name="test_me_requires_auth" time="0.066" /><testcase classname="tests.test_ride91_backend.TestAA_InspectionGateBeforeSubmit" name="test_offline_allowed_without_inspection" time="0.122" /><testcase classname="tests.test_ride91_backend.TestAuth" name="test_me_with_token" time="0.056" /><testcase classname="tests.test_ride91_backend.TestAB_InspectionSubmit" name="test_create_success_no_blobs_echoed" time="0.065" /><testcase classname="tests.test_ride91_backend.TestAA_InspectionGateBeforeSubmit" name="test_shift_end_allowed_without_inspection" time="0.127" /><testcase classname="tests.test_ride91_backend.TestAB_InspectionSubmit" name="test_idempotent_same_client_action_id" time="0.060" /><testcase classname="tests.test_ride91_backend.TestAB_InspectionSubmit" name="test_idempotent_per_driver_per_day_different_cid" time="0.062" /><testcase classname="tests.test_ride91_backend.TestCloseOutsAndMoney" name="test_close_out_idempotent" time="0.192" /><testcase classname="tests.test_ride91_backend.TestAB_InspectionSubmit" name="test_today_after_submit_completed_no_blobs" time="0.069" /><testcase classname="tests.test_ride91_backend.TestAB_InspectionSubmit" name="test_ride91_allowed_after_inspection" time="0.116" /><testcase classname="tests.test_ride91_backend.TestCloseOutsAndMoney" name="test_money_today_shape_and_share_math" time="0.082" /><testcase classname="tests.test_ride91_backend.TestDutyStates" name="test_append_requires_auth" time="0.122" /><testcase classname="tests.test_ride91_backend.TestCloseOutsAndMoney" name="test_cash_over_limit_flag_toggles" time="0.243" /><testcase classname="tests.test_ride91_backend.TestDutyStates" name="test_append_and_idempotency" time="0.213" /><testcase classname="tests.test_ride91_backend.TestCloseOutsAndMoney" name="test_money_weekly_7_days_ordered" time="0.121" /><testcase classname="tests.test_ride91_backend.TestDutyStates" name="test_today_returns_segments_and_totals" time="0.148" /><testcase classname="tests.test_ride91_backend.TestCharging" name="test_charging_requires_auth" time="0.077" /><testcase classname="tests.test_ride91_backend.TestEarningsExtract" name="test_requires_auth" time="0.111" /><testcase classname="tests.test_ride91_backend.TestCharging" name="test_charging_accepted_and_no_inspection_gate" time="1.660" /><testcase classname="tests.test_ride91_backend.TestEarningsExtract" name="test_uber_screenshot_returns_expected_shape" time="5.055" /><testcase classname="tests.test_ride91_backend.TestCharging" name="test_bad_state_rejected" time="0.076" /><testcase classname="tests.test_ride91_backend.TestInspectionAuth" name="test_get_today_requires_auth" time="0.073" /><testcase classname="tests.test_ride91_backend.TestInspectionAuth" name="test_post_requires_auth" time="0.075" /><testcase classname="tests.test_ride91_backend.TestTracking" name="test_heartbeat_ok" time="0.076" /><testcase classname="tests.test_ride91_backend.TestTracking" name="test_phone_ping_ok" time="0.076" /><testcase classname="tests.test_ride91_backend" name="test_health" time="0.071" /><testcase classname="tests.test_ride91_backend.TestRequests" name="test_create_and_list_idempotent" time="0.234" /><testcase classname="tests.test_ride91_backend.TestEarningsExtract" name="test_low_signal_image_returns_200_with_nulls_or_low_confidence" time="4.301" /><testcase classname="tests.test_ride91_backend.TestVehiclePings" name="test_ingest_without_auth" time="0.058" /><testcase classname="tests.test_ride91_backend.TestVehiclePings" name="test_low_accuracy_ping_filtered_from_distance" time="0.193" /></testsuite></testsuites>