<?xml version="1.0" encoding="utf-8"?><testsuites name="pytest tests"><testsuite name="pytest" errors="0" failures="0" skipped="0" tests="12" time="3.282" timestamp="2026-08-13T20:33:17.841452+00:00" hostname="agent-env-23ff6618-f356-482c-823d-e8cbcb97474d"><testcase classname="tests.test_shift_end_alarm.TestShiftEndAlarm" name="test_with_shift_end_populates_end_state_scheduled" time="0.490" /><testcase classname="tests.test_shift_end_alarm.TestShiftEndAlarm" name="test_without_shift_end_marks_end_state_na" time="0.081" /><testcase classname="tests.test_shift_end_alarm.TestShiftEndAlarm" name="test_no_schedule_returns_false" time="0.153" /><testcase classname="tests.test_shift_end_alarm.TestShiftEndAlarm" name="test_with_hub_and_query_lat_lng" time="0.169" /><testcase classname="tests.test_shift_end_alarm.TestShiftEndAlarm" name="test_uses_last_vehicle_ping_when_no_query" time="0.170" /><testcase classname="tests.test_shift_end_alarm.TestShiftEndAlarm" name="test_driver_without_hub_has_hub_false" time="0.245" /><testcase classname="tests.test_shift_end_alarm.TestShiftEndAlarm" name="test_end_phase_with_awake_400" time="0.173" /><testcase classname="tests.test_shift_end_alarm.TestShiftEndAlarm" name="test_start_phase_with_heading_back_400" time="0.157" /><testcase classname="tests.test_shift_end_alarm.TestShiftEndAlarm" name="test_end_heading_back_idempotent_and_flips_only_end_state" time="0.246" /><testcase classname="tests.test_shift_end_alarm.TestShiftEndAlarm" name="test_end_snooze_does_not_flip_end_state" time="0.162" /><testcase classname="tests.test_shift_end_alarm.TestShiftEndAlarm" name="test_end_delayed_flips_end_state" time="0.162" /><testcase classname="tests.test_shift_end_alarm.TestShiftEndAlarm" name="test_next_returns_row_when_start_responded_but_end_scheduled" time="0.238" /></testsuite></testsuites>