<?xml version="1.0" encoding="utf-8"?><testsuites name="pytest tests"><testsuite name="pytest" errors="0" failures="0" skipped="0" tests="12" time="1.547" timestamp="2026-08-09T00:17:11.713106+00:00" hostname="agent-env-23ff6618-f356-482c-823d-e8cbcb97474d"><testcase classname="tests.test_shift_alarm.TestScheduleAlarm" name="test_schedule_creates_row_and_alarm_fires_at_1h_before" time="0.272" /><testcase classname="tests.test_shift_alarm.TestScheduleAlarm" name="test_schedule_is_idempotent_on_client_action_id" time="0.097" /><testcase classname="tests.test_shift_alarm.TestScheduleAlarm" name="test_schedule_requires_auth" time="0.045" /><testcase classname="tests.test_shift_alarm.TestNextAlarm" name="test_next_returns_earliest_scheduled" time="0.136" /><testcase classname="tests.test_shift_alarm.TestNextAlarm" name="test_next_returns_empty_when_all_responded" time="0.044" /><testcase classname="tests.test_shift_alarm.TestAlarmResponse" name="test_not_coming_without_reason_400" time="0.085" /><testcase classname="tests.test_shift_alarm.TestAlarmResponse" name="test_not_coming_bad_reason_400" time="0.088" /><testcase classname="tests.test_shift_alarm.TestAlarmResponse" name="test_awake_flips_schedule_state_to_responded" time="0.170" /><testcase classname="tests.test_shift_alarm.TestAlarmResponse" name="test_not_coming_with_reason_flips_state" time="0.094" /><testcase classname="tests.test_shift_alarm.TestAlarmResponse" name="test_response_idempotent_on_client_action_id" time="0.138" /><testcase classname="tests.test_shift_alarm.TestAlarmResponse" name="test_snooze_does_not_flip_state" time="0.128" /><testcase classname="tests.test_shift_alarm.TestListResponses" name="test_returns_newest_first" time="0.229" /></testsuite></testsuites>