<?xml version="1.0" encoding="utf-8"?><testsuites name="pytest tests"><testsuite name="pytest" errors="0" failures="0" skipped="0" tests="14" time="4.622" timestamp="2026-09-17T20:30:33.067199+00:00" hostname="agent-env-23ff6618-f356-482c-823d-e8cbcb97474d"><testcase classname="tests.test_google_auth.TestGoogleAuth" name="test_session_bad_session_id_returns_401" time="2.480" /><testcase classname="tests.test_google_auth.TestGoogleAuth" name="test_session_id_already_used_returns_401" time="0.078" /><testcase classname="tests.test_google_auth.TestGoogleAuth" name="test_link_start_invalid_link_token" time="0.082" /><testcase classname="tests.test_google_auth.TestGoogleAuth" name="test_link_start_expired_link_token" time="0.086" /><testcase classname="tests.test_google_auth.TestGoogleAuth" name="test_link_start_phone_not_registered" time="0.103" /><testcase classname="tests.test_google_auth.TestGoogleAuth" name="test_link_start_phone_linked_to_different_google" time="0.087" /><testcase classname="tests.test_google_auth.TestGoogleAuth" name="test_link_start_happy_path_writes_otp" time="0.079" /><testcase classname="tests.test_google_auth.TestGoogleAuth" name="test_link_verify_bad_otp" time="0.078" /><testcase classname="tests.test_google_auth.TestGoogleAuth" name="test_link_verify_google_bound_to_other_driver" time="0.079" /><testcase classname="tests.test_google_auth.TestGoogleAuth" name="test_link_verify_happy_path_and_idempotent" time="0.242" /><testcase classname="tests.test_google_auth.TestGoogleAuth" name="test_logout_deletes_session_row" time="0.321" /><testcase classname="tests.test_google_auth.TestGoogleAuth" name="test_me_accepts_otp_token_without_expires_at" time="0.077" /><testcase classname="tests.test_google_auth.TestGoogleAuth" name="test_me_rejects_expired_google_session" time="0.073" /><testcase classname="tests.test_google_auth.TestGoogleAuth" name="test_otp_flow_still_works" time="0.236" /></testsuite></testsuites>