<?xml version="1.0" encoding="utf-8"?><testsuites name="pytest tests"><testsuite name="pytest" errors="0" failures="0" skipped="0" tests="21" time="9.698" timestamp="2026-09-17T21:38:57.782648+00:00" hostname="agent-env-23ff6618-f356-482c-823d-e8cbcb97474d"><testcase classname="tests.test_razorpayx_payouts.TestBankAccountRead" name="test_get_returns_saved_false_when_empty" time="0.190" /><testcase classname="tests.test_razorpayx_payouts.TestBankAccountRead" name="test_get_returns_masked_view_when_present" time="0.166" /><testcase classname="tests.test_razorpayx_payouts.TestBankAccountValidation" name="test_bank_missing_fields" time="0.075" /><testcase classname="tests.test_razorpayx_payouts.TestBankAccountValidation" name="test_invalid_ifsc" time="0.085" /><testcase classname="tests.test_razorpayx_payouts.TestBankAccountValidation" name="test_invalid_account_number" time="0.086" /><testcase classname="tests.test_razorpayx_payouts.TestBankAccountValidation" name="test_valid_bank_account_saved" time="0.088" /><testcase classname="tests.test_razorpayx_payouts.TestBankAccountValidation" name="test_vpa_missing_at" time="0.083" /><testcase classname="tests.test_razorpayx_payouts.TestBankAccountValidation" name="test_valid_vpa_saved" time="0.079" /><testcase classname="tests.test_razorpayx_payouts.TestBankAccountValidation" name="test_switching_to_vpa_clears_fund_account_id" time="0.170" /><testcase classname="tests.test_razorpayx_payouts.TestPayoutsHistory" name="test_history_empty" time="0.103" /><testcase classname="tests.test_razorpayx_payouts.TestPayoutsHistory" name="test_history_returns_inserted_row" time="0.079" /><testcase classname="tests.test_razorpayx_payouts.TestAdminCreateValidation" name="test_missing_admin_auth_is_401" time="0.080" /><testcase classname="tests.test_razorpayx_payouts.TestAdminCreateValidation" name="test_amount_below_minimum" time="0.168" /><testcase classname="tests.test_razorpayx_payouts.TestAdminCreateValidation" name="test_unknown_driver_bank_account_not_saved" time="0.082" /><testcase classname="tests.test_razorpayx_payouts.TestAdminCreateValidation" name="test_imps_requires_bank_account" time="0.160" /><testcase classname="tests.test_razorpayx_payouts.TestAdminCreateValidation" name="test_upi_requires_vpa" time="0.177" /><testcase classname="tests.test_razorpayx_payouts.TestAdminCreateHappyPath" name="test_happy_path_imps" time="7.456" /><testcase classname="tests.test_razorpayx_payouts.TestRazorpayxWebhook" name="test_missing_signature_returns_400" time="0.080" /><testcase classname="tests.test_razorpayx_payouts.TestRazorpayxWebhook" name="test_wrong_signature_returns_400" time="0.074" /><testcase classname="tests.test_razorpayx_payouts.TestRazorpayxWebhook" name="test_valid_signature_updates_payout" time="0.079" /><testcase classname="tests.test_razorpayx_payouts.TestRazorpayxWebhook" name="test_same_event_id_dedup" time="0.083" /></testsuite></testsuites>