<?xml version="1.0" encoding="utf-8"?><testsuites name="pytest tests"><testsuite name="pytest" errors="0" failures="1" skipped="0" tests="112" time="12.424" timestamp="2026-09-17T20:55:44.970778+00:00" hostname="agent-env-23ff6618-f356-482c-823d-e8cbcb97474d"><testcase classname="tests.test_razorpay.TestRazorpay" name="test_config_reflects_env_and_dues" time="0.304" /><testcase classname="tests.test_razorpay.TestRazorpay" name="test_orders_happy_path_dues_zero_explicit_amount" time="0.925" /><testcase classname="tests.test_google_auth.TestGoogleAuth" name="test_session_bad_session_id_returns_401" time="0.682" /><testcase classname="tests.test_google_auth.TestGoogleAuth" name="test_session_id_already_used_returns_401" time="0.096" /><testcase classname="tests.test_google_auth.TestGoogleAuth" name="test_link_start_invalid_link_token" time="0.094" /><testcase classname="tests.test_google_auth.TestGoogleAuth" name="test_link_start_expired_link_token" time="0.092" /><testcase classname="tests.test_google_auth.TestGoogleAuth" name="test_link_start_phone_not_registered" time="0.093" /><testcase classname="tests.test_google_auth.TestGoogleAuth" name="test_link_start_phone_linked_to_different_google" time="0.098" /><testcase classname="tests.test_google_auth.TestGoogleAuth" name="test_link_start_happy_path_writes_otp" time="0.134" /><testcase classname="tests.test_razorpay.TestRazorpay" name="test_orders_idempotent_replay" time="0.923" /><testcase classname="tests.test_google_auth.TestGoogleAuth" name="test_link_verify_bad_otp" time="0.099" /><testcase classname="tests.test_google_auth.TestGoogleAuth" name="test_link_verify_google_bound_to_other_driver" time="0.097" /><testcase classname="tests.test_google_auth.TestGoogleAuth" name="test_link_verify_happy_path_and_idempotent" time="0.394" /><testcase classname="tests.test_google_auth.TestGoogleAuth" name="test_logout_deletes_session_row" time="0.439" /><testcase classname="tests.test_razorpay.TestRazorpay" name="test_orders_amount_below_minimum" time="0.124" /><testcase classname="tests.test_razorpay.TestRazorpay" name="test_orders_no_dues" time="0.148" /><testcase classname="tests.test_google_auth.TestGoogleAuth" name="test_me_accepts_otp_token_without_expires_at" time="0.102" /><testcase classname="tests.test_razorpay.TestRazorpay" name="test_orders_caps_at_dues" time="0.875" /><testcase classname="tests.test_google_auth.TestGoogleAuth" name="test_me_rejects_expired_google_session" time="0.095" /><testcase classname="tests.test_google_auth.TestGoogleAuth" name="test_otp_flow_still_works" time="0.318" /><testcase classname="tests.test_shift_end_alarm.TestShiftEndAlarm" name="test_with_shift_end_populates_end_state_scheduled" time="0.099" /><testcase classname="tests.test_shift_end_alarm.TestShiftEndAlarm" name="test_without_shift_end_marks_end_state_na" time="0.107" /><testcase classname="tests.test_shift_end_alarm.TestShiftEndAlarm" name="test_no_schedule_returns_false" time="0.127" /><testcase classname="tests.test_shift_end_alarm.TestShiftEndAlarm" name="test_with_hub_and_query_lat_lng" time="0.222" /><testcase classname="tests.test_razorpay.TestRazorpay" name="test_verify_valid_signature" time="0.071" /><testcase classname="tests.test_razorpay.TestRazorpay" name="test_verify_invalid_signature" time="0.080" /><testcase classname="tests.test_shift_end_alarm.TestShiftEndAlarm" name="test_uses_last_vehicle_ping_when_no_query" time="0.185" /><testcase classname="tests.test_razorpay.TestRazorpay" name="test_verify_unknown_order" time="0.067" /><testcase classname="tests.test_razorpay.TestRazorpay" name="test_verify_idempotent" time="0.138" /><testcase classname="tests.test_shift_end_alarm.TestShiftEndAlarm" name="test_driver_without_hub_has_hub_false" time="0.181" /><testcase classname="tests.test_razorpay.TestRazorpay" name="test_status_after_verify" time="0.151" /><testcase classname="tests.test_shift_end_alarm.TestShiftEndAlarm" name="test_end_phase_with_awake_400" time="0.228" /><testcase classname="tests.test_razorpay.TestRazorpay" name="test_status_unknown_cid_404" time="0.115" /><testcase classname="tests.test_razorpay.TestRazorpay" name="test_checkout_returns_html" time="0.067" /><testcase classname="tests.test_razorpay.TestRazorpay" name="test_webhook_bad_signature" time="0.076" /><testcase classname="tests.test_shift_end_alarm.TestShiftEndAlarm" name="test_start_phase_with_heading_back_400" time="0.226" /><testcase classname="tests.test_razorpay.TestRazorpay" name="test_webhook_payment_captured_reconciles" time="0.074" /><testcase classname="tests.test_razorpay.TestRazorpay" name="test_webhook_dedup_by_event_id" time="0.140" /><testcase classname="tests.test_shift_end_alarm.TestShiftEndAlarm" name="test_end_heading_back_idempotent_and_flips_only_end_state" time="0.323" /><testcase classname="tests.test_razorpay.TestRazorpay" name="test_webhook_payment_failed_marks_order" time="0.115" /><testcase classname="tests.test_shift_end_alarm.TestShiftEndAlarm" name="test_end_snooze_does_not_flip_end_state" time="0.243" /><testcase classname="tests.test_documents_consents.TestDocuments" name="test_get_seeds_7_rows" time="0.366" /><testcase classname="tests.test_documents_consents.TestDocuments" name="test_get_idempotent" time="0.083" /><testcase classname="tests.test_shift_end_alarm.TestShiftEndAlarm" name="test_end_delayed_flips_end_state" time="0.277" /><testcase classname="tests.test_documents_consents.TestDocuments" name="test_upsert_expiring_soon_and_persistence" time="0.198" /><testcase classname="tests.test_documents_consents.TestDocuments" name="test_upsert_expired_status" time="0.079" /><testcase classname="tests.test_shift_end_alarm.TestShiftEndAlarm" name="test_next_returns_row_when_start_responded_but_end_scheduled" time="0.332" /><testcase classname="tests.test_documents_consents.TestDocuments" name="test_upsert_ok_status" time="0.084" /><testcase classname="tests.test_documents_consents.TestDocuments" name="test_upsert_idempotent_client_action_id" time="0.227" /><testcase classname="tests.test_go_online_capture.TestGoOnlineCapture" name="test_today_before_capture" time="0.117" /><testcase classname="tests.test_documents_consents.TestDocuments" name="test_upsert_invalid_expires_on_400" time="0.078" /><testcase classname="tests.test_go_online_capture.TestGoOnlineCapture" name="test_valid_capture_success" time="0.154" /><testcase classname="tests.test_documents_consents.TestDocuments" name="test_expiring_summary_counts" time="0.179" /><testcase classname="tests.test_go_online_capture.TestGoOnlineCapture" name="test_duration_out_of_range" time="0.110" /><testcase classname="tests.test_documents_consents.TestDocuments" name="test_get_document_own_and_stranger" time="0.227" /><testcase classname="tests.test_go_online_capture.TestGoOnlineCapture" name="test_too_far_from_hub_403" time="0.105" /><testcase classname="tests.test_go_online_capture.TestGoOnlineCapture" name="test_idempotent_by_client_action_id" time="0.199" /><testcase classname="tests.test_vehicle_distance.TestVehicleDistance" name="test_three_clean_pings" time="0.402" /><testcase classname="tests.test_go_online_capture.TestGoOnlineCapture" name="test_same_day_different_action_id_returns_existing" time="0.255" /><testcase classname="tests.test_vehicle_distance.TestVehicleDistance" name="test_accuracy_reject" time="0.441" /><testcase classname="tests.test_go_online_capture.TestGoOnlineCapture" name="test_today_after_capture_returns_meta" time="0.182" /><testcase classname="tests.test_shift_alarm.TestAlarmResponse" name="test_not_coming_without_reason_400" time="0.223" /><testcase classname="tests.test_shift_alarm.TestAlarmResponse" name="test_not_coming_bad_reason_400" time="0.215" /><testcase classname="tests.test_vehicle_distance.TestVehicleDistance" name="test_speed_reject" time="0.456" /><testcase classname="tests.test_shift_alarm.TestAlarmResponse" name="test_awake_flips_schedule_state_to_responded" time="0.339" /><testcase classname="tests.test_vehicle_distance.TestVehicleDistance" name="test_teleport_reject" time="0.350" /><testcase classname="tests.test_shift_alarm.TestAlarmResponse" name="test_not_coming_with_reason_flips_state" time="0.269" /><testcase classname="tests.test_shift_alarm.TestAlarmResponse" name="test_response_idempotent_on_client_action_id" time="0.526" /><testcase classname="tests.test_vehicle_distance.TestVehicleDistance" name="test_gap_reject" time="0.280" /><testcase classname="tests.test_vehicle_distance.TestVehicleDistance" name="test_other_vehicle_forbidden" time="0.088" /><testcase classname="tests.test_vehicle_distance.TestVehicleDistance" name="test_seeded_2026_08_08_nonzero" time="0.096" /><testcase classname="tests.test_ride91_backend.TestCC_InspectionGate" name="test_inspection_today_initially_missing" time="0.104" /><testcase classname="tests.test_shift_alarm.TestAlarmResponse" name="test_snooze_does_not_flip_state" time="0.204" /><testcase classname="tests.test_ride91_backend.TestCC_InspectionGate" name="test_start_duty_blocked_without_inspection" time="0.095" /><testcase classname="tests.test_ride91_backend.TestCC_InspectionGate" name="test_uber_platform_does_not_require_inspection" time="0.090" /><testcase classname="tests.test_ride91_backend.TestAuth" name="test_otp_request_demo" time="0.090" /><testcase classname="tests.test_ride91_backend.TestCC_InspectionGate" name="test_inspection_create_and_start_duty_unblocks" time="0.210" /><testcase classname="tests.test_ride91_backend.TestAuth" name="test_verify_universal_otp" time="0.093" /><testcase classname="tests.test_ride91_backend.TestAuth" name="test_verify_bad_otp_400" time="0.089" /><testcase classname="tests.test_ride91_backend.TestCC_InspectionGate" name="test_end_duty_accepted" time="0.090" /><testcase classname="tests.test_ride91_backend.TestAuth" name="test_me_requires_auth" time="0.133" /><testcase classname="tests.test_ride91_backend.TestEE_CashMath" name="test_platform_cash_ride91_rejected" time="0.097" /><testcase classname="tests.test_ride91_backend.TestAuth" name="test_me_ok" time="0.098" /><testcase classname="tests.test_ride91_backend.TestEE_CashMath" name="test_platform_cash_provisional_and_appears_in_money_today" time="0.469" /><testcase classname="tests.test_documents_consents.TestConsents" name="test_get_5_ungranted" time="0.092" /><testcase classname="tests.test_documents_consents.TestConsents" name="test_grant_and_withdraw" time="0.515" /><testcase classname="tests.test_ride91_backend.TestEE_CashMath" name="test_money_today_status_pending_for_empty_platforms" time="0.133" /><testcase classname="tests.test_ride91_backend.TestEE_CashMath" name="test_you_owe_positive_when_cash_negative" time="0.191" /><testcase classname="tests.test_documents_consents.TestConsents" name="test_consents_idempotent" time="0.276" /><testcase classname="tests.test_ride91_backend.TestGG_VehiclePings" name="test_ingest_nullable_soc_and_odometer" time="0.095" /><testcase classname="tests.test_ride91_backend.TestGG_VehiclePings" name="test_accuracy_over_30_filtered_from_distance" time="0.360" /><testcase classname="tests.test_ride91_backend.TestDD_BusinessDay" name="test_money_today_business_date_matches" time="0.136" /><testcase classname="tests.test_ride91_backend.TestDD_BusinessDay" name="test_yesterday_platform_cash_excluded_from_money_today" time="0.105" /><testcase classname="tests.test_ride91_backend.TestDD_BusinessDay" name="test_money_week_monday_bounds" time="0.102" /><testcase classname="tests.test_ride91_backend.TestGG_VehiclePings" name="test_speed_over_120_kmh_jump_dropped" time="0.387" /><testcase classname="tests.test_ride91_backend.TestBB_DutyLayerEnum" name="test_ride91_rejected" time="0.099" /><testcase classname="tests.test_ride91_backend.TestBB_DutyLayerEnum" name="test_not_online_accepted" time="0.096" /><testcase classname="tests.test_ride91_backend.TestHH_RequestsIdempotent" name="test_same_client_action_id_returns_same_row" time="0.207" /><testcase classname="tests.test_shift_alarm.TestScheduleAlarm" name="test_schedule_creates_row_and_alarm_fires_at_1h_before" time="0.123" /><testcase classname="tests.test_ride91_backend.TestHH_RequestsIdempotent" name="test_unique_index_blocks_bypass" time="0.002" /><testcase classname="tests.test_ride91_backend.TestJJ_Tracking" name="test_heartbeat_ok" time="0.115" /><testcase classname="tests.test_shift_alarm.TestScheduleAlarm" name="test_schedule_is_idempotent_on_client_action_id" time="0.231" /><testcase classname="tests.test_ride91_backend.TestJJ_Tracking" name="test_close_out_legacy_still_accepts" time="0.201" /><testcase classname="tests.test_shift_alarm.TestScheduleAlarm" name="test_schedule_requires_auth" time="0.099" /><testcase classname="tests.test_shift_alarm.TestNextAlarm" name="test_next_returns_earliest_scheduled" time="0.321" /><testcase classname="tests.test_ride91_backend" name="test_health" time="0.100" /><testcase classname="tests.test_ride91_backend.TestFF_MoneyWeek" name="test_shape" time="0.101" /><testcase classname="tests.test_ride91_backend.TestKK_InspectionToday" name="test_completed_after_earlier_submit" time="0.093"><failure message="assert False is True">backend/tests/test_ride91_backend.py:642: in test_completed_after_earlier_submit
    assert body["completed"] is True
E   assert False is True</failure></testcase><testcase classname="tests.test_shift_alarm.TestNextAlarm" name="test_next_returns_empty_when_all_responded" time="0.092" /><testcase classname="tests.test_ride91_backend.TestLL_EarningsExtractAuth" name="test_requires_auth" time="0.092" /><testcase classname="tests.test_ride91_backend.TestII_AdminCorrection" name="test_source_admin_correction_stored" time="0.144" /><testcase classname="tests.test_shift_alarm.TestListResponses" name="test_returns_newest_first" time="0.462" /></testsuite></testsuites>