<?xml version="1.0" encoding="utf-8"?><testsuites name="pytest tests"><testsuite name="pytest" errors="0" failures="0" skipped="0" tests="34" time="2.669" timestamp="2026-08-04T21:12:16.668815+00:00" hostname="agent-env-23ff6618-f356-482c-823d-e8cbcb97474d"><testcase classname="tests.test_ride91_backend.TestAA_InspectionGateBeforeSubmit" name="test_today_shows_not_completed" time="0.312" /><testcase classname="tests.test_ride91_backend.TestAuth" name="test_otp_request_any_phone" time="0.356" /><testcase classname="tests.test_ride91_backend.TestAA_InspectionGateBeforeSubmit" name="test_going_on_platform_without_inspection_is_409[ride91]" time="0.070" /><testcase classname="tests.test_ride91_backend.TestAuth" name="test_otp_request_demo_phone_returns_universal_code" time="0.065" /><testcase classname="tests.test_ride91_backend.TestAA_InspectionGateBeforeSubmit" name="test_going_on_platform_without_inspection_is_409[uber]" time="0.079" /><testcase classname="tests.test_ride91_backend.TestAuth" name="test_verify_universal_otp_returns_token_and_driver" time="0.109" /><testcase classname="tests.test_ride91_backend.TestAA_InspectionGateBeforeSubmit" name="test_going_on_platform_without_inspection_is_409[rapido]" time="0.066" /><testcase classname="tests.test_ride91_backend.TestAA_InspectionGateBeforeSubmit" name="test_going_on_platform_without_inspection_is_409[ola]" time="0.073" /><testcase classname="tests.test_ride91_backend.TestAuth" name="test_verify_idempotent_same_client_action_id" time="0.134" /><testcase classname="tests.test_ride91_backend.TestAA_InspectionGateBeforeSubmit" name="test_offline_allowed_without_inspection" time="0.067" /><testcase classname="tests.test_ride91_backend.TestAuth" name="test_verify_bad_otp_400" time="0.065" /><testcase classname="tests.test_ride91_backend.TestAA_InspectionGateBeforeSubmit" name="test_shift_end_allowed_without_inspection" time="0.075" /><testcase classname="tests.test_ride91_backend.TestAuth" name="test_me_requires_auth" time="0.066" /><testcase classname="tests.test_ride91_backend.TestAB_InspectionSubmit" name="test_create_success_no_blobs_echoed" time="0.107" /><testcase classname="tests.test_ride91_backend.TestAuth" name="test_me_with_token" time="0.117" /><testcase classname="tests.test_ride91_backend.TestAB_InspectionSubmit" name="test_idempotent_same_client_action_id" time="0.075" /><testcase classname="tests.test_ride91_backend.TestCloseOutsAndMoney" name="test_close_out_idempotent" time="0.143" /><testcase classname="tests.test_ride91_backend.TestAB_InspectionSubmit" name="test_idempotent_per_driver_per_day_different_cid" time="0.064" /><testcase classname="tests.test_ride91_backend.TestAB_InspectionSubmit" name="test_today_after_submit_completed_no_blobs" time="0.074" /><testcase classname="tests.test_ride91_backend.TestCloseOutsAndMoney" name="test_money_today_shape_and_share_math" time="0.070" /><testcase classname="tests.test_ride91_backend.TestAB_InspectionSubmit" name="test_ride91_allowed_after_inspection" time="0.073" /><testcase classname="tests.test_ride91_backend.TestCloseOutsAndMoney" name="test_cash_over_limit_flag_toggles" time="0.133" /><testcase classname="tests.test_ride91_backend.TestDutyStates" name="test_append_requires_auth" time="0.119" /><testcase classname="tests.test_ride91_backend.TestDutyStates" name="test_append_and_idempotency" time="0.203" /><testcase classname="tests.test_ride91_backend.TestCloseOutsAndMoney" name="test_money_weekly_7_days_ordered" time="0.070" /><testcase classname="tests.test_ride91_backend.TestInspectionAuth" name="test_get_today_requires_auth" time="0.068" /><testcase classname="tests.test_ride91_backend.TestInspectionAuth" name="test_post_requires_auth" time="0.067" /><testcase classname="tests.test_ride91_backend.TestDutyStates" name="test_today_returns_segments_and_totals" time="0.154" /><testcase classname="tests.test_ride91_backend.TestTracking" name="test_heartbeat_ok" time="0.111" /><testcase classname="tests.test_ride91_backend.TestTracking" name="test_phone_ping_ok" time="0.068" /><testcase classname="tests.test_ride91_backend.TestVehiclePings" name="test_ingest_without_auth" time="0.066" /><testcase classname="tests.test_ride91_backend" name="test_health" time="0.107" /><testcase classname="tests.test_ride91_backend.TestVehiclePings" name="test_low_accuracy_ping_filtered_from_distance" time="0.223" /><testcase classname="tests.test_ride91_backend.TestRequests" name="test_create_and_list_idempotent" time="0.213" /></testsuite></testsuites>