<?xml version="1.0" encoding="utf-8"?><testsuites name="pytest tests"><testsuite name="pytest" errors="0" failures="0" skipped="0" tests="17" time="4.891" timestamp="2026-09-17T20:55:31.488549+00:00" hostname="agent-env-23ff6618-f356-482c-823d-e8cbcb97474d"><testcase classname="tests.test_razorpay.TestRazorpay" name="test_config_reflects_env_and_dues" time="0.392" /><testcase classname="tests.test_razorpay.TestRazorpay" name="test_orders_happy_path_dues_zero_explicit_amount" time="0.937" /><testcase classname="tests.test_razorpay.TestRazorpay" name="test_orders_idempotent_replay" time="0.910" /><testcase classname="tests.test_razorpay.TestRazorpay" name="test_orders_amount_below_minimum" time="0.067" /><testcase classname="tests.test_razorpay.TestRazorpay" name="test_orders_no_dues" time="0.067" /><testcase classname="tests.test_razorpay.TestRazorpay" name="test_orders_caps_at_dues" time="0.819" /><testcase classname="tests.test_razorpay.TestRazorpay" name="test_verify_valid_signature" time="0.074" /><testcase classname="tests.test_razorpay.TestRazorpay" name="test_verify_invalid_signature" time="0.063" /><testcase classname="tests.test_razorpay.TestRazorpay" name="test_verify_unknown_order" time="0.071" /><testcase classname="tests.test_razorpay.TestRazorpay" name="test_verify_idempotent" time="0.141" /><testcase classname="tests.test_razorpay.TestRazorpay" name="test_status_after_verify" time="0.139" /><testcase classname="tests.test_razorpay.TestRazorpay" name="test_status_unknown_cid_404" time="0.077" /><testcase classname="tests.test_razorpay.TestRazorpay" name="test_checkout_returns_html" time="0.064" /><testcase classname="tests.test_razorpay.TestRazorpay" name="test_webhook_bad_signature" time="0.069" /><testcase classname="tests.test_razorpay.TestRazorpay" name="test_webhook_payment_captured_reconciles" time="0.065" /><testcase classname="tests.test_razorpay.TestRazorpay" name="test_webhook_dedup_by_event_id" time="0.138" /><testcase classname="tests.test_razorpay.TestRazorpay" name="test_webhook_payment_failed_marks_order" time="0.076" /></testsuite></testsuites>