<?xml version="1.0" encoding="utf-8"?><testsuites name="pytest tests"><testsuite name="pytest" errors="0" failures="0" skipped="0" tests="26" time="3.396" timestamp="2026-08-13T21:03:38.530827+00:00" hostname="agent-env-23ff6618-f356-482c-823d-e8cbcb97474d"><testcase classname="tests.test_vehicle_distance.TestVehicleDistance" name="test_three_clean_pings" time="0.716" /><testcase classname="tests.test_documents_consents.TestDocuments" name="test_get_seeds_7_rows" time="0.523" /><testcase classname="tests.test_documents_consents.TestDocuments" name="test_get_idempotent" time="0.073" /><testcase classname="tests.test_documents_consents.TestDocuments" name="test_upsert_expiring_soon_and_persistence" time="0.218" /><testcase classname="tests.test_vehicle_distance.TestVehicleDistance" name="test_accuracy_reject" time="0.526" /><testcase classname="tests.test_documents_consents.TestDocuments" name="test_upsert_expired_status" time="0.082" /><testcase classname="tests.test_documents_consents.TestDocuments" name="test_upsert_ok_status" time="0.121" /><testcase classname="tests.test_documents_consents.TestDocuments" name="test_upsert_idempotent_client_action_id" time="0.140" /><testcase classname="tests.test_documents_consents.TestDocuments" name="test_upsert_invalid_expires_on_400" time="0.075" /><testcase classname="tests.test_documents_consents.TestDocuments" name="test_expiring_summary_counts" time="0.113" /><testcase classname="tests.test_vehicle_distance.TestVehicleDistance" name="test_speed_reject" time="0.345" /><testcase classname="tests.test_documents_consents.TestDocuments" name="test_get_document_own_and_stranger" time="0.260" /><testcase classname="tests.test_vehicle_distance.TestVehicleDistance" name="test_teleport_reject" time="0.170" /><testcase classname="tests.test_go_online_capture.TestGoOnlineCapture" name="test_today_before_capture" time="0.096" /><testcase classname="tests.test_go_online_capture.TestGoOnlineCapture" name="test_valid_capture_success" time="0.089" /><testcase classname="tests.test_vehicle_distance.TestVehicleDistance" name="test_gap_reject" time="0.218" /><testcase classname="tests.test_go_online_capture.TestGoOnlineCapture" name="test_duration_out_of_range" time="0.120" /><testcase classname="tests.test_go_online_capture.TestGoOnlineCapture" name="test_too_far_from_hub_403" time="0.111" /><testcase classname="tests.test_vehicle_distance.TestVehicleDistance" name="test_other_vehicle_forbidden" time="0.065" /><testcase classname="tests.test_go_online_capture.TestGoOnlineCapture" name="test_idempotent_by_client_action_id" time="0.197" /><testcase classname="tests.test_vehicle_distance.TestVehicleDistance" name="test_seeded_2026_08_08_nonzero" time="0.121" /><testcase classname="tests.test_documents_consents.TestConsents" name="test_get_5_ungranted" time="0.108" /><testcase classname="tests.test_go_online_capture.TestGoOnlineCapture" name="test_same_day_different_action_id_returns_existing" time="0.159" /><testcase classname="tests.test_documents_consents.TestConsents" name="test_grant_and_withdraw" time="0.382" /><testcase classname="tests.test_go_online_capture.TestGoOnlineCapture" name="test_today_after_capture_returns_meta" time="0.179" /><testcase classname="tests.test_documents_consents.TestConsents" name="test_consents_idempotent" time="0.119" /></testsuite></testsuites>